update-alternatives 2022-01-29 19:13:43: run with --install /usr/bin/idlj idlj /usr/lib/jvm/java-8-openjdk-armhf/bin/idlj 1081 --slave /usr/share/man/man1/idlj.1.gz idlj.1.gz /usr/lib/jvm/java-8-openjdk-armhf/man/man1/idlj.1.gz
update-alternatives 2022-01-29 19:13:43: run with --install /usr/bin/jdeps jdeps /usr/lib/jvm/java-8-openjdk-armhf/bin/jdeps 1081 --slave /usr/share/man/man1/jdeps.1.gz jdeps.1.gz /usr/lib/jvm/java-8-openjdk-armhf/man/man1/jdeps.1.gz
update-alternatives 2022-01-29 19:13:43: run with --install /usr/bin/wsimport wsimport /usr/lib/jvm/java-8-openjdk-armhf/bin/wsimport 1081 --slave /usr/share/man/man1/wsimport.1.gz wsimport.1.gz /usr/lib/jvm/java-8-openjdk-armhf/man/man1/wsimport.1.gz
update-alternatives 2022-01-29 19:13:43: run with --install /usr/bin/rmic rmic /usr/lib/jvm/java-8-openjdk-armhf/bin/rmic 1081 --slave /usr/share/man/man1/rmic.1.gz rmic.1.gz /usr/lib/jvm/java-8-openjdk-armhf/man/man1/rmic.1.gz
update-alternatives 2022-01-29 19:13:43: run with --install /usr/bin/jinfo jinfo /usr/lib/jvm/java-8-openjdk-armhf/bin/jinfo 1081 --slave /usr/share/man/man1/jinfo.1.gz jinfo.1.gz /usr/lib/jvm/java-8-openjdk-armhf/man/man1/jinfo.1.gz
update-alternatives 2022-01-29 19:13:44: run with --install /usr/bin/jsadebugd jsadebugd /usr/lib/jvm/java-8-openjdk-armhf/bin/jsadebugd 1081 --slave /usr/share/man/man1/jsadebugd.1.gz jsadebugd.1.gz /usr/lib/jvm/java-8-openjdk-armhf/man/man1/jsadebugd.1.gz
update-alternatives 2022-01-29 19:13:44: run with --install /usr/bin/native2ascii native2ascii /usr/lib/jvm/java-8-openjdk-armhf/bin/native2ascii 1081 --slave /usr/share/man/man1/native2ascii.1.gz native2ascii.1.gz /usr/lib/jvm/java-8-openjdk-armhf/man/man1/native2ascii.1.gz
update-alternatives 2022-01-29 19:13:44: run with --install /usr/bin/jstat jstat /usr/lib/jvm/java-8-openjdk-armhf/bin/jstat 1081 --slave /usr/share/man/man1/jstat.1.gz jstat.1.gz /usr/lib/jvm/java-8-openjdk-armhf/man/man1/jstat.1.gz
update-alternatives 2022-01-29 19:13:44: run with --install /usr/bin/javac javac /usr/lib/jvm/java-8-openjdk-armhf/bin/javac 1081 --slave /usr/share/man/man1/javac.1.gz javac.1.gz /usr/lib/jvm/java-8-openjdk-armhf/man/man1/javac.1.gz
update-alternatives 2022-01-29 19:13:44: run with --install /usr/bin/javah javah /usr/lib/jvm/java-8-openjdk-armhf/bin/javah 1081 --slave /usr/share/man/man1/javah.1.gz javah.1.gz /usr/lib/jvm/java-8-openjdk-armhf/man/man1/javah.1.gz
update-alternatives 2022-01-29 19:13:44: run with --install /usr/bin/hsdb hsdb /usr/lib/jvm/java-8-openjdk-armhf/bin/hsdb 1081
update-alternatives 2022-01-29 19:13:44: link group hsdb updated to point to /usr/lib/jvm/java-8-openjdk-armhf/bin/hsdb
update-alternatives 2022-01-29 19:13:44: run with --install /usr/bin/clhsdb clhsdb /usr/lib/jvm/java-8-openjdk-armhf/bin/clhsdb 1081
update-alternatives 2022-01-29 19:13:44: link group clhsdb updated to point to /usr/lib/jvm/java-8-openjdk-armhf/bin/clhsdb
update-alternatives 2022-01-29 19:13:44: run with --install /usr/bin/jstack jstack /usr/lib/jvm/java-8-openjdk-armhf/bin/jstack 1081 --slave /usr/share/man/man1/jstack.1.gz jstack.1.gz /usr/lib/jvm/java-8-openjdk-armhf/man/man1/jstack.1.gz
update-alternatives 2022-01-29 19:13:44: run with --install /usr/bin/jrunscript jrunscript /usr/lib/jvm/java-8-openjdk-armhf/bin/jrunscript 1081 --slave /usr/share/man/man1/jrunscript.1.gz jrunscript.1.gz /usr/lib/jvm/java-8-openjdk-armhf/man/man1/jrunscript.1.gz
update-alternatives 2022-01-29 19:13:44: run with --install /usr/bin/javadoc javadoc /usr/lib/jvm/java-8-openjdk-armhf/bin/javadoc 1081 --slave /usr/share/man/man1/javadoc.1.gz javadoc.1.gz /usr/lib/jvm/java-8-openjdk-armhf/man/man1/javadoc.1.gz
update-alternatives 2022-01-29 19:13:44: run with --install /usr/bin/jhat jhat /usr/lib/jvm/java-8-openjdk-armhf/bin/jhat 1081 --slave /usr/share/man/man1/jhat.1.gz jhat.1.gz /usr/lib/jvm/java-8-openjdk-armhf/man/man1/jhat.1.gz
update-alternatives 2022-01-29 19:13:44: run with --install /usr/bin/javap javap /usr/lib/jvm/java-8-openjdk-armhf/bin/javap 1081 --slave /usr/share/man/man1/javap.1.gz javap.1.gz /usr/lib/jvm/java-8-openjdk-armhf/man/man1/javap.1.gz
update-alternatives 2022-01-29 19:13:44: run with --install /usr/bin/jar jar /usr/lib/jvm/java-8-openjdk-armhf/bin/jar 1081 --slave /usr/share/man/man1/jar.1.gz jar.1.gz /usr/lib/jvm/java-8-openjdk-armhf/man/man1/jar.1.gz
update-alternatives 2022-01-29 19:13:44: run with --install /usr/bin/xjc xjc /usr/lib/jvm/java-8-openjdk-armhf/bin/xjc 1081 --slave /usr/share/man/man1/xjc.1.gz xjc.1.gz /usr/lib/jvm/java-8-openjdk-armhf/man/man1/xjc.1.gz
update-alternatives 2022-01-29 19:13:44: run with --install /usr/bin/schemagen schemagen /usr/lib/jvm/java-8-openjdk-armhf/bin/schemagen 1081 --slave /usr/share/man/man1/schemagen.1.gz schemagen.1.gz /usr/lib/jvm/java-8-openjdk-armhf/man/man1/schemagen.1.gz
update-alternatives 2022-01-29 19:13:44: run with --install /usr/bin/jps jps /usr/lib/jvm/java-8-openjdk-armhf/bin/jps 1081 --slave /usr/share/man/man1/jps.1.gz jps.1.gz /usr/lib/jvm/java-8-openjdk-armhf/man/man1/jps.1.gz
update-alternatives 2022-01-29 19:13:44: run with --install /usr/bin/extcheck extcheck /usr/lib/jvm/java-8-openjdk-armhf/bin/extcheck 1081 --slave /usr/share/man/man1/extcheck.1.gz extcheck.1.gz /usr/lib/jvm/java-8-openjdk-armhf/man/man1/extcheck.1.gz
update-alternatives 2022-01-29 19:13:44: run with --install /usr/bin/jmap jmap /usr/lib/jvm/java-8-openjdk-armhf/bin/jmap 1081 --slave /usr/share/man/man1/jmap.1.gz jmap.1.gz /usr/lib/jvm/java-8-openjdk-armhf/man/man1/jmap.1.gz
update-alternatives 2022-01-29 19:13:44: run with --install /usr/bin/jstatd jstatd /usr/lib/jvm/java-8-openjdk-armhf/bin/jstatd 1081 --slave /usr/share/man/man1/jstatd.1.gz jstatd.1.gz /usr/lib/jvm/java-8-openjdk-armhf/man/man1/jstatd.1.gz
update-alternatives 2022-01-29 19:13:44: run with --install /usr/bin/jdb jdb /usr/lib/jvm/java-8-openjdk-armhf/bin/jdb 1081 --slave /usr/share/man/man1/jdb.1.gz jdb.1.gz /usr/lib/jvm/java-8-openjdk-armhf/man/man1/jdb.1.gz
update-alternatives 2022-01-29 19:13:44: run with --install /usr/bin/serialver serialver /usr/lib/jvm/java-8-openjdk-armhf/bin/serialver 1081 --slave /usr/share/man/man1/serialver.1.gz serialver.1.gz /usr/lib/jvm/java-8-openjdk-armhf/man/man1/serialver.1.gz
update-alternatives 2022-01-29 19:13:44: run with --install /usr/bin/jfr jfr /usr/lib/jvm/java-8-openjdk-armhf/bin/jfr 1081
update-alternatives 2022-01-29 19:13:44: link group jfr updated to point to /usr/lib/jvm/java-8-openjdk-armhf/bin/jfr
update-alternatives 2022-01-29 19:13:44: run with --install /usr/bin/wsgen wsgen /usr/lib/jvm/java-8-openjdk-armhf/bin/wsgen 1081 --slave /usr/share/man/man1/wsgen.1.gz wsgen.1.gz /usr/lib/jvm/java-8-openjdk-armhf/man/man1/wsgen.1.gz
update-alternatives 2022-01-29 19:13:44: run with --install /usr/bin/jcmd jcmd /usr/lib/jvm/java-8-openjdk-armhf/bin/jcmd 1081 --slave /usr/share/man/man1/jcmd.1.gz jcmd.1.gz /usr/lib/jvm/java-8-openjdk-armhf/man/man1/jcmd.1.gz
update-alternatives 2022-01-29 19:13:44: run with --install /usr/bin/jarsigner jarsigner /usr/lib/jvm/java-8-openjdk-armhf/bin/jarsigner 1081 --slave /usr/share/man/man1/jarsigner.1.gz jarsigner.1.gz /usr/lib/jvm/java-8-openjdk-armhf/man/man1/jarsigner.1.gz
