2022-01-29 18:48:19 startup archives unpack
2022-01-29 18:48:21 install notification-daemon:armhf <none> 3.20.0-4
2022-01-29 18:48:21 status half-installed notification-daemon:armhf 3.20.0-4
2022-01-29 18:48:21 status triggers-pending gnome-menus:armhf 3.31.4-3
2022-01-29 18:48:22 status triggers-pending desktop-file-utils:armhf 0.23-4
2022-01-29 18:48:22 status triggers-pending mime-support:all 3.62
2022-01-29 18:48:22 status unpacked notification-daemon:armhf 3.20.0-4
2022-01-29 18:48:25 install libappindicator3-1:armhf <none> 0.4.92-7
2022-01-29 18:48:25 status triggers-pending libc-bin:armhf 2.28-10+rpt2+rpi1
2022-01-29 18:48:25 status half-installed libappindicator3-1:armhf 0.4.92-7
2022-01-29 18:48:25 status unpacked libappindicator3-1:armhf 0.4.92-7
2022-01-29 18:48:25 install gir1.2-appindicator3-0.1:armhf <none> 0.4.92-7
2022-01-29 18:48:25 status half-installed gir1.2-appindicator3-0.1:armhf 0.4.92-7
2022-01-29 18:48:25 status unpacked gir1.2-appindicator3-0.1:armhf 0.4.92-7
2022-01-29 18:48:25 install blueman:armhf <none> 2.0.8-1+deb10u1
2022-01-29 18:48:25 status half-installed blueman:armhf 2.0.8-1+deb10u1
2022-01-29 18:48:25 status triggers-pending dbus:armhf 1.12.20-0+deb10u1
2022-01-29 18:48:26 status triggers-pending libglib2.0-0:armhf 2.58.3-2+deb10u2
2022-01-29 18:48:26 status triggers-pending hicolor-icon-theme:all 0.17-2
2022-01-29 18:48:35 status triggers-pending man-db:armhf 2.8.5-2
2022-01-29 18:48:36 status unpacked blueman:armhf 2.0.8-1+deb10u1
2022-01-29 18:48:39 startup packages configure
2022-01-29 18:48:39 configure notification-daemon:armhf 3.20.0-4 <none>
2022-01-29 18:48:39 status unpacked notification-daemon:armhf 3.20.0-4
2022-01-29 18:48:39 status half-configured notification-daemon:armhf 3.20.0-4
2022-01-29 18:48:39 status installed notification-daemon:armhf 3.20.0-4
2022-01-29 18:48:39 configure libappindicator3-1:armhf 0.4.92-7 <none>
2022-01-29 18:48:39 status unpacked libappindicator3-1:armhf 0.4.92-7
2022-01-29 18:48:39 status half-configured libappindicator3-1:armhf 0.4.92-7
2022-01-29 18:48:39 status installed libappindicator3-1:armhf 0.4.92-7
2022-01-29 18:48:39 configure gir1.2-appindicator3-0.1:armhf 0.4.92-7 <none>
2022-01-29 18:48:39 status unpacked gir1.2-appindicator3-0.1:armhf 0.4.92-7
2022-01-29 18:48:39 status half-configured gir1.2-appindicator3-0.1:armhf 0.4.92-7
2022-01-29 18:48:39 status installed gir1.2-appindicator3-0.1:armhf 0.4.92-7
2022-01-29 18:48:39 configure blueman:armhf 2.0.8-1+deb10u1 <none>
2022-01-29 18:48:39 status unpacked blueman:armhf 2.0.8-1+deb10u1
2022-01-29 18:48:40 status half-configured blueman:armhf 2.0.8-1+deb10u1
2022-01-29 18:48:40 status triggers-awaited blueman:armhf 2.0.8-1+deb10u1
2022-01-29 18:48:40 trigproc dbus:armhf 1.12.20-0+deb10u1 <none>
2022-01-29 18:48:40 status half-configured dbus:armhf 1.12.20-0+deb10u1
2022-01-29 18:48:40 status installed dbus:armhf 1.12.20-0+deb10u1
2022-01-29 18:48:40 trigproc desktop-file-utils:armhf 0.23-4 <none>
2022-01-29 18:48:40 status half-configured desktop-file-utils:armhf 0.23-4
2022-01-29 18:48:41 status installed desktop-file-utils:armhf 0.23-4
2022-01-29 18:48:41 trigproc mime-support:all 3.62 <none>
2022-01-29 18:48:41 status half-configured mime-support:all 3.62
2022-01-29 18:48:41 status installed mime-support:all 3.62
2022-01-29 18:48:42 trigproc hicolor-icon-theme:all 0.17-2 <none>
2022-01-29 18:48:42 status half-configured hicolor-icon-theme:all 0.17-2
2022-01-29 18:48:55 status installed hicolor-icon-theme:all 0.17-2
2022-01-29 18:48:56 trigproc gnome-menus:armhf 3.31.4-3 <none>
2022-01-29 18:48:56 status half-configured gnome-menus:armhf 3.31.4-3
2022-01-29 18:48:56 status installed gnome-menus:armhf 3.31.4-3
2022-01-29 18:48:56 trigproc libglib2.0-0:armhf 2.58.3-2+deb10u2 <none>
2022-01-29 18:48:56 status half-configured libglib2.0-0:armhf 2.58.3-2+deb10u2
2022-01-29 18:48:56 status installed blueman:armhf 2.0.8-1+deb10u1
2022-01-29 18:48:56 status installed libglib2.0-0:armhf 2.58.3-2+deb10u2
2022-01-29 18:48:56 trigproc libc-bin:armhf 2.28-10+rpt2+rpi1 <none>
2022-01-29 18:48:56 status half-configured libc-bin:armhf 2.28-10+rpt2+rpi1
2022-01-29 18:48:57 status installed libc-bin:armhf 2.28-10+rpt2+rpi1
2022-01-29 18:48:58 trigproc man-db:armhf 2.8.5-2 <none>
2022-01-29 18:48:58 status half-configured man-db:armhf 2.8.5-2
2022-01-29 18:48:58 status installed man-db:armhf 2.8.5-2
2022-01-29 18:51:54 startup archives unpack
2022-01-29 18:51:57 upgrade firmware-atheros:all 1:20190114-2+rpt3 1:20190114-2+rpt4
2022-01-29 18:51:57 status half-configured firmware-atheros:all 1:20190114-2+rpt3
2022-01-29 18:51:57 status unpacked firmware-atheros:all 1:20190114-2+rpt3
2022-01-29 18:51:57 status half-installed firmware-atheros:all 1:20190114-2+rpt3
2022-01-29 18:52:07 status unpacked firmware-atheros:all 1:20190114-2+rpt4
2022-01-29 18:52:09 upgrade firmware-brcm80211:all 1:20190114-2+rpt3 1:20190114-2+rpt4
2022-01-29 18:52:09 status half-configured firmware-brcm80211:all 1:20190114-2+rpt3
2022-01-29 18:52:09 status unpacked firmware-brcm80211:all 1:20190114-2+rpt3
2022-01-29 18:52:09 status half-installed firmware-brcm80211:all 1:20190114-2+rpt3
2022-01-29 18:52:15 status unpacked firmware-brcm80211:all 1:20190114-2+rpt4
2022-01-29 18:52:15 upgrade firmware-libertas:all 1:20190114-2+rpt3 1:20190114-2+rpt4
2022-01-29 18:52:15 status half-configured firmware-libertas:all 1:20190114-2+rpt3
2022-01-29 18:52:15 status unpacked firmware-libertas:all 1:20190114-2+rpt3
2022-01-29 18:52:15 status half-installed firmware-libertas:all 1:20190114-2+rpt3
2022-01-29 18:52:34 status unpacked firmware-libertas:all 1:20190114-2+rpt4
2022-01-29 18:52:35 upgrade firmware-misc-nonfree:all 1:20190114-2+rpt3 1:20190114-2+rpt4
2022-01-29 18:52:35 status half-configured firmware-misc-nonfree:all 1:20190114-2+rpt3
2022-01-29 18:52:35 status unpacked firmware-misc-nonfree:all 1:20190114-2+rpt3
2022-01-29 18:52:35 status half-installed firmware-misc-nonfree:all 1:20190114-2+rpt3
2022-01-29 18:53:10 status unpacked firmware-misc-nonfree:all 1:20190114-2+rpt4
2022-01-29 18:53:10 upgrade firmware-realtek:all 1:20190114-2+rpt3 1:20190114-2+rpt4
2022-01-29 18:53:10 status half-configured firmware-realtek:all 1:20190114-2+rpt3
2022-01-29 18:53:10 status unpacked firmware-realtek:all 1:20190114-2+rpt3
2022-01-29 18:53:10 status half-installed firmware-realtek:all 1:20190114-2+rpt3
2022-01-29 18:53:12 status unpacked firmware-realtek:all 1:20190114-2+rpt4
2022-01-29 18:53:12 upgrade ghostscript:armhf 9.27~dfsg-2+deb10u4 9.27~dfsg-2+deb10u5
2022-01-29 18:53:12 status half-configured ghostscript:armhf 9.27~dfsg-2+deb10u4
2022-01-29 18:53:12 status unpacked ghostscript:armhf 9.27~dfsg-2+deb10u4
2022-01-29 18:53:12 status half-installed ghostscript:armhf 9.27~dfsg-2+deb10u4
2022-01-29 18:53:12 status triggers-pending man-db:armhf 2.8.5-2
2022-01-29 18:53:13 status unpacked ghostscript:armhf 9.27~dfsg-2+deb10u5
2022-01-29 18:53:13 upgrade libgs9:armhf 9.27~dfsg-2+deb10u4 9.27~dfsg-2+deb10u5
2022-01-29 18:53:13 status triggers-pending libc-bin:armhf 2.28-10+rpt2+rpi1
2022-01-29 18:53:13 status half-configured libgs9:armhf 9.27~dfsg-2+deb10u4
2022-01-29 18:53:13 status unpacked libgs9:armhf 9.27~dfsg-2+deb10u4
2022-01-29 18:53:13 status half-installed libgs9:armhf 9.27~dfsg-2+deb10u4
2022-01-29 18:53:17 status unpacked libgs9:armhf 9.27~dfsg-2+deb10u5
2022-01-29 18:53:17 upgrade libgs9-common:all 9.27~dfsg-2+deb10u4 9.27~dfsg-2+deb10u5
2022-01-29 18:53:17 status half-configured libgs9-common:all 9.27~dfsg-2+deb10u4
2022-01-29 18:53:17 status unpacked libgs9-common:all 9.27~dfsg-2+deb10u4
2022-01-29 18:53:17 status half-installed libgs9-common:all 9.27~dfsg-2+deb10u4
2022-01-29 18:53:20 status unpacked libgs9-common:all 9.27~dfsg-2+deb10u5
2022-01-29 18:53:21 upgrade libtiff-dev:armhf 4.1.0+git191117-2~deb10u2 4.1.0+git191117-2~deb10u3
2022-01-29 18:53:21 status half-configured libtiff-dev:armhf 4.1.0+git191117-2~deb10u2
2022-01-29 18:53:21 status unpacked libtiff-dev:armhf 4.1.0+git191117-2~deb10u2
2022-01-29 18:53:21 status half-installed libtiff-dev:armhf 4.1.0+git191117-2~deb10u2
2022-01-29 18:53:23 status unpacked libtiff-dev:armhf 4.1.0+git191117-2~deb10u3
2022-01-29 18:53:24 upgrade libtiffxx5:armhf 4.1.0+git191117-2~deb10u2 4.1.0+git191117-2~deb10u3
2022-01-29 18:53:24 status half-configured libtiffxx5:armhf 4.1.0+git191117-2~deb10u2
2022-01-29 18:53:24 status unpacked libtiffxx5:armhf 4.1.0+git191117-2~deb10u2
2022-01-29 18:53:24 status half-installed libtiffxx5:armhf 4.1.0+git191117-2~deb10u2
2022-01-29 18:53:25 status unpacked libtiffxx5:armhf 4.1.0+git191117-2~deb10u3
2022-01-29 18:53:25 upgrade libtiff5:armhf 4.1.0+git191117-2~deb10u2 4.1.0+git191117-2~deb10u3
2022-01-29 18:53:25 status half-configured libtiff5:armhf 4.1.0+git191117-2~deb10u2
2022-01-29 18:53:25 status unpacked libtiff5:armhf 4.1.0+git191117-2~deb10u2
2022-01-29 18:53:25 status half-installed libtiff5:armhf 4.1.0+git191117-2~deb10u2
2022-01-29 18:53:25 status unpacked libtiff5:armhf 4.1.0+git191117-2~deb10u3
2022-01-29 18:53:27 upgrade gir1.2-polkit-1.0:armhf 0.105-25+rpt1 0.105-25+rpt1+deb10u1
2022-01-29 18:53:27 status half-configured gir1.2-polkit-1.0:armhf 0.105-25+rpt1
2022-01-29 18:53:27 status unpacked gir1.2-polkit-1.0:armhf 0.105-25+rpt1
2022-01-29 18:53:27 status half-installed gir1.2-polkit-1.0:armhf 0.105-25+rpt1
2022-01-29 18:53:27 status unpacked gir1.2-polkit-1.0:armhf 0.105-25+rpt1+deb10u1
2022-01-29 18:53:27 upgrade policykit-1:armhf 0.105-25+rpt1 0.105-25+rpt1+deb10u1
2022-01-29 18:53:27 status half-configured policykit-1:armhf 0.105-25+rpt1
2022-01-29 18:53:27 status unpacked policykit-1:armhf 0.105-25+rpt1
2022-01-29 18:53:27 status half-installed policykit-1:armhf 0.105-25+rpt1
2022-01-29 18:53:28 status triggers-pending dbus:armhf 1.12.20-0+deb10u1
2022-01-29 18:53:29 status unpacked policykit-1:armhf 0.105-25+rpt1+deb10u1
2022-01-29 18:53:29 upgrade libpolkit-backend-1-0:armhf 0.105-25+rpt1 0.105-25+rpt1+deb10u1
2022-01-29 18:53:29 status half-configured libpolkit-backend-1-0:armhf 0.105-25+rpt1
2022-01-29 18:53:29 status unpacked libpolkit-backend-1-0:armhf 0.105-25+rpt1
2022-01-29 18:53:29 status half-installed libpolkit-backend-1-0:armhf 0.105-25+rpt1
2022-01-29 18:53:30 status unpacked libpolkit-backend-1-0:armhf 0.105-25+rpt1+deb10u1
2022-01-29 18:53:30 upgrade libpolkit-agent-1-0:armhf 0.105-25+rpt1 0.105-25+rpt1+deb10u1
2022-01-29 18:53:30 status half-configured libpolkit-agent-1-0:armhf 0.105-25+rpt1
2022-01-29 18:53:31 status unpacked libpolkit-agent-1-0:armhf 0.105-25+rpt1
2022-01-29 18:53:31 status half-installed libpolkit-agent-1-0:armhf 0.105-25+rpt1
2022-01-29 18:53:31 status unpacked libpolkit-agent-1-0:armhf 0.105-25+rpt1+deb10u1
2022-01-29 18:53:31 upgrade libpolkit-gobject-1-0:armhf 0.105-25+rpt1 0.105-25+rpt1+deb10u1
2022-01-29 18:53:31 status half-configured libpolkit-gobject-1-0:armhf 0.105-25+rpt1
2022-01-29 18:53:31 status unpacked libpolkit-gobject-1-0:armhf 0.105-25+rpt1
2022-01-29 18:53:31 status half-installed libpolkit-gobject-1-0:armhf 0.105-25+rpt1
2022-01-29 18:53:31 status unpacked libpolkit-gobject-1-0:armhf 0.105-25+rpt1+deb10u1
2022-01-29 18:53:32 upgrade libicu-dev:armhf 63.1-6+deb10u1 63.1-6+deb10u2
2022-01-29 18:53:32 status half-configured libicu-dev:armhf 63.1-6+deb10u1
2022-01-29 18:53:32 status unpacked libicu-dev:armhf 63.1-6+deb10u1
2022-01-29 18:53:32 status half-installed libicu-dev:armhf 63.1-6+deb10u1
2022-01-29 18:53:56 status unpacked libicu-dev:armhf 63.1-6+deb10u2
2022-01-29 18:53:56 upgrade icu-devtools:armhf 63.1-6+deb10u1 63.1-6+deb10u2
2022-01-29 18:53:56 status half-configured icu-devtools:armhf 63.1-6+deb10u1
2022-01-29 18:53:56 status unpacked icu-devtools:armhf 63.1-6+deb10u1
2022-01-29 18:53:56 status half-installed icu-devtools:armhf 63.1-6+deb10u1
2022-01-29 18:54:00 status unpacked icu-devtools:armhf 63.1-6+deb10u2
2022-01-29 18:54:00 upgrade libicu63:armhf 63.1-6+deb10u1 63.1-6+deb10u2
2022-01-29 18:54:00 status half-configured libicu63:armhf 63.1-6+deb10u1
2022-01-29 18:54:00 status unpacked libicu63:armhf 63.1-6+deb10u1
2022-01-29 18:54:00 status half-installed libicu63:armhf 63.1-6+deb10u1
2022-01-29 18:54:06 status unpacked libicu63:armhf 63.1-6+deb10u2
2022-01-29 18:54:07 upgrade libasound2-dev:armhf 1.1.8-1+rpt1 1.1.8-1+rpt2
2022-01-29 18:54:07 status half-configured libasound2-dev:armhf 1.1.8-1+rpt1
2022-01-29 18:54:07 status unpacked libasound2-dev:armhf 1.1.8-1+rpt1
2022-01-29 18:54:07 status half-installed libasound2-dev:armhf 1.1.8-1+rpt1
2022-01-29 18:54:07 status unpacked libasound2-dev:armhf 1.1.8-1+rpt2
2022-01-29 18:54:08 upgrade libasound2:armhf 1.1.8-1+rpt1 1.1.8-1+rpt2
2022-01-29 18:54:08 status half-configured libasound2:armhf 1.1.8-1+rpt1
2022-01-29 18:54:08 status unpacked libasound2:armhf 1.1.8-1+rpt1
2022-01-29 18:54:08 status half-installed libasound2:armhf 1.1.8-1+rpt1
2022-01-29 18:54:08 status unpacked libasound2:armhf 1.1.8-1+rpt2
2022-01-29 18:54:09 upgrade libasound2-data:all 1.1.8-1+rpt1 1.1.8-1+rpt2
2022-01-29 18:54:09 status half-configured libasound2-data:all 1.1.8-1+rpt1
2022-01-29 18:54:09 status unpacked libasound2-data:all 1.1.8-1+rpt1
2022-01-29 18:54:09 status half-installed libasound2-data:all 1.1.8-1+rpt1
2022-01-29 18:54:12 status unpacked libasound2-data:all 1.1.8-1+rpt2
2022-01-29 18:54:13 upgrade libdjvulibre-text:all 3.5.27.1-10 3.5.27.1-10+deb10u1
2022-01-29 18:54:13 status half-configured libdjvulibre-text:all 3.5.27.1-10
2022-01-29 18:54:13 status unpacked libdjvulibre-text:all 3.5.27.1-10
2022-01-29 18:54:13 status half-installed libdjvulibre-text:all 3.5.27.1-10
2022-01-29 18:54:13 status unpacked libdjvulibre-text:all 3.5.27.1-10+deb10u1
2022-01-29 18:54:14 upgrade libdjvulibre21:armhf 3.5.27.1-10 3.5.27.1-10+deb10u1
2022-01-29 18:54:14 status half-configured libdjvulibre21:armhf 3.5.27.1-10
2022-01-29 18:54:14 status unpacked libdjvulibre21:armhf 3.5.27.1-10
2022-01-29 18:54:14 status half-installed libdjvulibre21:armhf 3.5.27.1-10
2022-01-29 18:54:17 status unpacked libdjvulibre21:armhf 3.5.27.1-10+deb10u1
2022-01-29 18:54:17 upgrade libwebkit2gtk-4.0-37:armhf 2.32.4-1~deb10u1+rpi1 2.34.3-1~deb10u1+rpi1
2022-01-29 18:54:17 status half-configured libwebkit2gtk-4.0-37:armhf 2.32.4-1~deb10u1+rpi1
2022-01-29 18:54:17 status unpacked libwebkit2gtk-4.0-37:armhf 2.32.4-1~deb10u1+rpi1
2022-01-29 18:54:17 status half-installed libwebkit2gtk-4.0-37:armhf 2.32.4-1~deb10u1+rpi1
2022-01-29 18:54:40 status unpacked libwebkit2gtk-4.0-37:armhf 2.34.3-1~deb10u1+rpi1
2022-01-29 18:54:42 upgrade libjavascriptcoregtk-4.0-18:armhf 2.32.4-1~deb10u1+rpi1 2.34.3-1~deb10u1+rpi1
2022-01-29 18:54:42 status half-configured libjavascriptcoregtk-4.0-18:armhf 2.32.4-1~deb10u1+rpi1
2022-01-29 18:54:42 status unpacked libjavascriptcoregtk-4.0-18:armhf 2.32.4-1~deb10u1+rpi1
2022-01-29 18:54:42 status half-installed libjavascriptcoregtk-4.0-18:armhf 2.32.4-1~deb10u1+rpi1
2022-01-29 18:54:44 status unpacked libjavascriptcoregtk-4.0-18:armhf 2.34.3-1~deb10u1+rpi1
2022-01-29 18:54:46 upgrade libnss3:armhf 2:3.42.1-1+deb10u3 2:3.42.1-1+deb10u5
2022-01-29 18:54:46 status half-configured libnss3:armhf 2:3.42.1-1+deb10u3
2022-01-29 18:54:46 status unpacked libnss3:armhf 2:3.42.1-1+deb10u3
2022-01-29 18:54:46 status half-installed libnss3:armhf 2:3.42.1-1+deb10u3
2022-01-29 18:54:49 status unpacked libnss3:armhf 2:3.42.1-1+deb10u5
2022-01-29 18:54:50 upgrade libraspberrypi-doc:armhf 1:1.20211007-2~buster 1:1.20211201~buster-1
2022-01-29 18:54:50 status half-configured libraspberrypi-doc:armhf 1:1.20211007-2~buster
2022-01-29 18:54:50 status unpacked libraspberrypi-doc:armhf 1:1.20211007-2~buster
2022-01-29 18:54:50 status half-installed libraspberrypi-doc:armhf 1:1.20211007-2~buster
2022-01-29 18:54:58 status unpacked libraspberrypi-doc:armhf 1:1.20211201~buster-1
2022-01-29 18:54:58 upgrade libraspberrypi-dev:armhf 1:1.20211007-2~buster 1:1.20211201~buster-1
2022-01-29 18:54:58 status half-configured libraspberrypi-dev:armhf 1:1.20211007-2~buster
2022-01-29 18:54:58 status unpacked libraspberrypi-dev:armhf 1:1.20211007-2~buster
2022-01-29 18:54:58 status half-installed libraspberrypi-dev:armhf 1:1.20211007-2~buster
2022-01-29 18:55:04 status unpacked libraspberrypi-dev:armhf 1:1.20211201~buster-1
2022-01-29 18:55:04 upgrade raspberrypi-kernel:armhf 1:1.20211007-2~buster 1:1.20211201~buster-1
2022-01-29 18:55:04 status half-configured raspberrypi-kernel:armhf 1:1.20211007-2~buster
2022-01-29 18:55:04 status unpacked raspberrypi-kernel:armhf 1:1.20211007-2~buster
2022-01-29 18:55:04 status half-installed raspberrypi-kernel:armhf 1:1.20211007-2~buster
2022-01-29 19:06:14 status unpacked raspberrypi-kernel:armhf 1:1.20211201~buster-1
2022-01-29 19:06:17 upgrade libraspberrypi-bin:armhf 1:1.20211007-2~buster 1:1.20211201~buster-1
2022-01-29 19:06:17 status half-configured libraspberrypi-bin:armhf 1:1.20211007-2~buster
2022-01-29 19:06:17 status unpacked libraspberrypi-bin:armhf 1:1.20211007-2~buster
2022-01-29 19:06:17 status half-installed libraspberrypi-bin:armhf 1:1.20211007-2~buster
2022-01-29 19:06:33 status unpacked libraspberrypi-bin:armhf 1:1.20211201~buster-1
2022-01-29 19:06:33 upgrade libraspberrypi0:armhf 1:1.20211007-2~buster 1:1.20211201~buster-1
2022-01-29 19:06:33 status half-configured libraspberrypi0:armhf 1:1.20211007-2~buster
2022-01-29 19:06:33 status unpacked libraspberrypi0:armhf 1:1.20211007-2~buster
2022-01-29 19:06:33 status half-installed libraspberrypi0:armhf 1:1.20211007-2~buster
2022-01-29 19:06:39 status unpacked libraspberrypi0:armhf 1:1.20211201~buster-1
2022-01-29 19:06:39 upgrade raspberrypi-bootloader:armhf 1:1.20211007-2~buster 1:1.20211201~buster-1
2022-01-29 19:06:39 status half-configured raspberrypi-bootloader:armhf 1:1.20211007-2~buster
2022-01-29 19:06:39 status unpacked raspberrypi-bootloader:armhf 1:1.20211007-2~buster
2022-01-29 19:06:39 status half-installed raspberrypi-bootloader:armhf 1:1.20211007-2~buster
2022-01-29 19:07:25 status unpacked raspberrypi-bootloader:armhf 1:1.20211201~buster-1
2022-01-29 19:07:25 upgrade libtiff5-dev:armhf 4.1.0+git191117-2~deb10u2 4.1.0+git191117-2~deb10u3
2022-01-29 19:07:25 status half-configured libtiff5-dev:armhf 4.1.0+git191117-2~deb10u2
2022-01-29 19:07:25 status unpacked libtiff5-dev:armhf 4.1.0+git191117-2~deb10u2
2022-01-29 19:07:25 status half-installed libtiff5-dev:armhf 4.1.0+git191117-2~deb10u2
2022-01-29 19:07:27 status unpacked libtiff5-dev:armhf 4.1.0+git191117-2~deb10u3
2022-01-29 19:07:27 upgrade linux-libc-dev:armhf 1:1.20211007-2~buster 1:1.20211201~buster-1
2022-01-29 19:07:27 status half-configured linux-libc-dev:armhf 1:1.20211007-2~buster
2022-01-29 19:07:28 status unpacked linux-libc-dev:armhf 1:1.20211007-2~buster
2022-01-29 19:07:28 status half-installed linux-libc-dev:armhf 1:1.20211007-2~buster
2022-01-29 19:07:48 status unpacked linux-libc-dev:armhf 1:1.20211201~buster-1
2022-01-29 19:07:48 upgrade openjdk-8-jdk:armhf 8u212-b01-1+rpi1 8u312-b07-1~deb9u1
2022-01-29 19:07:48 status half-configured openjdk-8-jdk:armhf 8u212-b01-1+rpi1
2022-01-29 19:07:48 status unpacked openjdk-8-jdk:armhf 8u212-b01-1+rpi1
2022-01-29 19:07:48 status half-installed openjdk-8-jdk:armhf 8u212-b01-1+rpi1
2022-01-29 19:07:50 status unpacked openjdk-8-jdk:armhf 8u312-b07-1~deb9u1
2022-01-29 19:07:51 upgrade openjdk-8-jre:armhf 8u212-b01-1+rpi1 8u312-b07-1~deb9u1
2022-01-29 19:07:51 status half-configured openjdk-8-jre:armhf 8u212-b01-1+rpi1
2022-01-29 19:07:51 status unpacked openjdk-8-jre:armhf 8u212-b01-1+rpi1
2022-01-29 19:07:51 status half-installed openjdk-8-jre:armhf 8u212-b01-1+rpi1
2022-01-29 19:07:51 status triggers-pending gnome-menus:armhf 3.31.4-3
2022-01-29 19:07:51 status triggers-pending desktop-file-utils:armhf 0.23-4
2022-01-29 19:07:51 status triggers-pending mime-support:all 3.62
2022-01-29 19:07:51 status triggers-pending hicolor-icon-theme:all 0.17-2
2022-01-29 19:07:51 status unpacked openjdk-8-jre:armhf 8u312-b07-1~deb9u1
2022-01-29 19:07:52 upgrade openjdk-8-jre-headless:armhf 8u212-b01-1+rpi1 8u312-b07-1~deb9u1
2022-01-29 19:07:52 status half-configured openjdk-8-jre-headless:armhf 8u212-b01-1+rpi1
2022-01-29 19:07:52 status unpacked openjdk-8-jre-headless:armhf 8u212-b01-1+rpi1
2022-01-29 19:07:52 status half-installed openjdk-8-jre-headless:armhf 8u212-b01-1+rpi1
2022-01-29 19:08:34 status unpacked openjdk-8-jre-headless:armhf 8u312-b07-1~deb9u1
2022-01-29 19:08:35 upgrade openjdk-8-jdk-headless:armhf 8u212-b01-1+rpi1 8u312-b07-1~deb9u1
2022-01-29 19:08:35 status half-configured openjdk-8-jdk-headless:armhf 8u212-b01-1+rpi1
2022-01-29 19:08:35 status unpacked openjdk-8-jdk-headless:armhf 8u212-b01-1+rpi1
2022-01-29 19:08:35 status half-installed openjdk-8-jdk-headless:armhf 8u212-b01-1+rpi1
2022-01-29 19:08:46 status unpacked openjdk-8-jdk-headless:armhf 8u312-b07-1~deb9u1
2022-01-29 19:08:46 upgrade python-pil:armhf 5.4.1-2+deb10u2 5.4.1-2+deb10u3
2022-01-29 19:08:46 status half-configured python-pil:armhf 5.4.1-2+deb10u2
2022-01-29 19:08:47 status unpacked python-pil:armhf 5.4.1-2+deb10u2
2022-01-29 19:08:47 status half-installed python-pil:armhf 5.4.1-2+deb10u2
2022-01-29 19:08:52 status unpacked python-pil:armhf 5.4.1-2+deb10u3
2022-01-29 19:08:53 upgrade python3-lxml:armhf 4.3.2-1+deb10u3 4.3.2-1+deb10u4
2022-01-29 19:08:53 status half-configured python3-lxml:armhf 4.3.2-1+deb10u3
2022-01-29 19:08:53 status unpacked python3-lxml:armhf 4.3.2-1+deb10u3
2022-01-29 19:08:53 status half-installed python3-lxml:armhf 4.3.2-1+deb10u3
2022-01-29 19:08:57 status unpacked python3-lxml:armhf 4.3.2-1+deb10u4
2022-01-29 19:09:09 upgrade python3-pil:armhf 5.4.1-2+deb10u2 5.4.1-2+deb10u3
2022-01-29 19:09:09 status half-configured python3-pil:armhf 5.4.1-2+deb10u2
2022-01-29 19:09:09 status unpacked python3-pil:armhf 5.4.1-2+deb10u2
2022-01-29 19:09:09 status half-installed python3-pil:armhf 5.4.1-2+deb10u2
2022-01-29 19:09:13 status unpacked python3-pil:armhf 5.4.1-2+deb10u3
2022-01-29 19:09:14 upgrade raspberrypi-net-mods:all 1.3.0 1.3.2
2022-01-29 19:09:14 status half-configured raspberrypi-net-mods:all 1.3.0
2022-01-29 19:09:14 status unpacked raspberrypi-net-mods:all 1.3.0
2022-01-29 19:09:15 status half-installed raspberrypi-net-mods:all 1.3.0
2022-01-29 19:09:15 status unpacked raspberrypi-net-mods:all 1.3.2
2022-01-29 19:09:16 upgrade rpi-eeprom:armhf 12.14-1 13.5-1~buster
2022-01-29 19:09:16 status half-configured rpi-eeprom:armhf 12.14-1
2022-01-29 19:09:16 status unpacked rpi-eeprom:armhf 12.14-1
2022-01-29 19:09:16 status half-installed rpi-eeprom:armhf 12.14-1
2022-01-29 19:09:47 status unpacked rpi-eeprom:armhf 13.5-1~buster
2022-01-29 19:09:47 upgrade rpi-eeprom-images:armhf 12.14-1 13.5-1~buster
2022-01-29 19:09:47 status half-configured rpi-eeprom-images:armhf 12.14-1
2022-01-29 19:09:47 status unpacked rpi-eeprom-images:armhf 12.14-1
2022-01-29 19:09:47 status half-installed rpi-eeprom-images:armhf 12.14-1
2022-01-29 19:09:47 status unpacked rpi-eeprom-images:armhf 13.5-1~buster
2022-01-29 19:09:47 upgrade xserver-common:all 2:1.20.4-1+rpt3+deb10u3 2:1.20.4-1+rpt4+deb10u4
2022-01-29 19:09:47 status half-configured xserver-common:all 2:1.20.4-1+rpt3+deb10u3
2022-01-29 19:09:47 status unpacked xserver-common:all 2:1.20.4-1+rpt3+deb10u3
2022-01-29 19:09:47 status half-installed xserver-common:all 2:1.20.4-1+rpt3+deb10u3
2022-01-29 19:09:50 status unpacked xserver-common:all 2:1.20.4-1+rpt4+deb10u4
2022-01-29 19:09:50 upgrade xserver-xorg-core:armhf 2:1.20.4-1+rpt3+deb10u3 2:1.20.4-1+rpt4+deb10u4
2022-01-29 19:09:50 status half-configured xserver-xorg-core:armhf 2:1.20.4-1+rpt3+deb10u3
2022-01-29 19:09:50 status unpacked xserver-xorg-core:armhf 2:1.20.4-1+rpt3+deb10u3
2022-01-29 19:09:50 status half-installed xserver-xorg-core:armhf 2:1.20.4-1+rpt3+deb10u3
2022-01-29 19:09:55 status unpacked xserver-xorg-core:armhf 2:1.20.4-1+rpt4+deb10u4
2022-01-29 19:09:55 startup packages configure
2022-01-29 19:09:55 configure libgs9-common:all 9.27~dfsg-2+deb10u5 <none>
2022-01-29 19:09:55 status unpacked libgs9-common:all 9.27~dfsg-2+deb10u5
2022-01-29 19:09:55 status half-configured libgs9-common:all 9.27~dfsg-2+deb10u5
2022-01-29 19:09:55 status installed libgs9-common:all 9.27~dfsg-2+deb10u5
2022-01-29 19:09:56 configure firmware-atheros:all 1:20190114-2+rpt4 <none>
2022-01-29 19:09:56 status unpacked firmware-atheros:all 1:20190114-2+rpt4
2022-01-29 19:09:56 status half-configured firmware-atheros:all 1:20190114-2+rpt4
2022-01-29 19:09:56 status installed firmware-atheros:all 1:20190114-2+rpt4
2022-01-29 19:09:56 configure firmware-misc-nonfree:all 1:20190114-2+rpt4 <none>
2022-01-29 19:09:56 status unpacked firmware-misc-nonfree:all 1:20190114-2+rpt4
2022-01-29 19:09:56 status half-configured firmware-misc-nonfree:all 1:20190114-2+rpt4
2022-01-29 19:09:57 status installed firmware-misc-nonfree:all 1:20190114-2+rpt4
2022-01-29 19:09:57 status triggers-pending initramfs-tools:all 0.133+deb10u1
2022-01-29 19:09:57 configure linux-libc-dev:armhf 1:1.20211201~buster-1 <none>
2022-01-29 19:09:57 status unpacked linux-libc-dev:armhf 1:1.20211201~buster-1
2022-01-29 19:09:57 status half-configured linux-libc-dev:armhf 1:1.20211201~buster-1
2022-01-29 19:09:57 status installed linux-libc-dev:armhf 1:1.20211201~buster-1
2022-01-29 19:09:57 configure libnss3:armhf 2:3.42.1-1+deb10u5 <none>
2022-01-29 19:09:57 status unpacked libnss3:armhf 2:3.42.1-1+deb10u5
2022-01-29 19:09:57 status half-configured libnss3:armhf 2:3.42.1-1+deb10u5
2022-01-29 19:09:57 status installed libnss3:armhf 2:3.42.1-1+deb10u5
2022-01-29 19:09:57 configure raspberrypi-kernel:armhf 1:1.20211201~buster-1 <none>
2022-01-29 19:09:57 status unpacked raspberrypi-kernel:armhf 1:1.20211201~buster-1
2022-01-29 19:09:57 status half-configured raspberrypi-kernel:armhf 1:1.20211201~buster-1
2022-01-29 19:13:21 status installed raspberrypi-kernel:armhf 1:1.20211201~buster-1
2022-01-29 19:13:21 configure libicu63:armhf 63.1-6+deb10u2 <none>
2022-01-29 19:13:21 status unpacked libicu63:armhf 63.1-6+deb10u2
2022-01-29 19:13:21 status half-configured libicu63:armhf 63.1-6+deb10u2
2022-01-29 19:13:21 status installed libicu63:armhf 63.1-6+deb10u2
2022-01-29 19:13:21 configure libasound2-data:all 1.1.8-1+rpt2 <none>
2022-01-29 19:13:21 status unpacked libasound2-data:all 1.1.8-1+rpt2
2022-01-29 19:13:21 status half-configured libasound2-data:all 1.1.8-1+rpt2
2022-01-29 19:13:21 status installed libasound2-data:all 1.1.8-1+rpt2
2022-01-29 19:13:21 configure firmware-brcm80211:all 1:20190114-2+rpt4 <none>
2022-01-29 19:13:21 status unpacked firmware-brcm80211:all 1:20190114-2+rpt4
2022-01-29 19:13:21 status half-configured firmware-brcm80211:all 1:20190114-2+rpt4
2022-01-29 19:13:21 status installed firmware-brcm80211:all 1:20190114-2+rpt4
2022-01-29 19:13:21 configure firmware-realtek:all 1:20190114-2+rpt4 <none>
2022-01-29 19:13:21 status unpacked firmware-realtek:all 1:20190114-2+rpt4
2022-01-29 19:13:21 status half-configured firmware-realtek:all 1:20190114-2+rpt4
2022-01-29 19:13:21 status installed firmware-realtek:all 1:20190114-2+rpt4
2022-01-29 19:13:21 configure openjdk-8-jre-headless:armhf 8u312-b07-1~deb9u1 <none>
2022-01-29 19:13:21 status unpacked openjdk-8-jre-headless:armhf 8u312-b07-1~deb9u1
2022-01-29 19:13:23 status half-configured openjdk-8-jre-headless:armhf 8u312-b07-1~deb9u1
2022-01-29 19:13:23 status installed openjdk-8-jre-headless:armhf 8u312-b07-1~deb9u1
2022-01-29 19:13:23 configure icu-devtools:armhf 63.1-6+deb10u2 <none>
2022-01-29 19:13:23 status unpacked icu-devtools:armhf 63.1-6+deb10u2
2022-01-29 19:13:23 status half-configured icu-devtools:armhf 63.1-6+deb10u2
2022-01-29 19:13:23 status installed icu-devtools:armhf 63.1-6+deb10u2
2022-01-29 19:13:23 configure raspberrypi-bootloader:armhf 1:1.20211201~buster-1 <none>
2022-01-29 19:13:23 status unpacked raspberrypi-bootloader:armhf 1:1.20211201~buster-1
2022-01-29 19:13:23 status half-configured raspberrypi-bootloader:armhf 1:1.20211201~buster-1
2022-01-29 19:13:36 status installed raspberrypi-bootloader:armhf 1:1.20211201~buster-1
2022-01-29 19:13:36 configure raspberrypi-net-mods:all 1.3.2 <none>
2022-01-29 19:13:36 status unpacked raspberrypi-net-mods:all 1.3.2
2022-01-29 19:13:36 status half-configured raspberrypi-net-mods:all 1.3.2
2022-01-29 19:13:37 status installed raspberrypi-net-mods:all 1.3.2
2022-01-29 19:13:37 configure libraspberrypi0:armhf 1:1.20211201~buster-1 <none>
2022-01-29 19:13:37 status unpacked libraspberrypi0:armhf 1:1.20211201~buster-1
2022-01-29 19:13:37 status half-configured libraspberrypi0:armhf 1:1.20211201~buster-1
2022-01-29 19:13:39 status installed libraspberrypi0:armhf 1:1.20211201~buster-1
2022-01-29 19:13:39 configure firmware-libertas:all 1:20190114-2+rpt4 <none>
2022-01-29 19:13:39 status unpacked firmware-libertas:all 1:20190114-2+rpt4
2022-01-29 19:13:39 status half-configured firmware-libertas:all 1:20190114-2+rpt4
2022-01-29 19:13:39 status installed firmware-libertas:all 1:20190114-2+rpt4
2022-01-29 19:13:39 configure python3-lxml:armhf 4.3.2-1+deb10u4 <none>
2022-01-29 19:13:39 status unpacked python3-lxml:armhf 4.3.2-1+deb10u4
2022-01-29 19:13:39 status half-configured python3-lxml:armhf 4.3.2-1+deb10u4
2022-01-29 19:13:39 status installed python3-lxml:armhf 4.3.2-1+deb10u4
2022-01-29 19:13:39 configure libasound2:armhf 1.1.8-1+rpt2 <none>
2022-01-29 19:13:39 status unpacked libasound2:armhf 1.1.8-1+rpt2
2022-01-29 19:13:40 status half-configured libasound2:armhf 1.1.8-1+rpt2
2022-01-29 19:13:40 status installed libasound2:armhf 1.1.8-1+rpt2
2022-01-29 19:13:40 configure libtiff5:armhf 4.1.0+git191117-2~deb10u3 <none>
2022-01-29 19:13:40 status unpacked libtiff5:armhf 4.1.0+git191117-2~deb10u3
2022-01-29 19:13:40 status half-configured libtiff5:armhf 4.1.0+git191117-2~deb10u3
2022-01-29 19:13:40 status installed libtiff5:armhf 4.1.0+git191117-2~deb10u3
2022-01-29 19:13:40 configure libdjvulibre-text:all 3.5.27.1-10+deb10u1 <none>
2022-01-29 19:13:40 status unpacked libdjvulibre-text:all 3.5.27.1-10+deb10u1
2022-01-29 19:13:40 status half-configured libdjvulibre-text:all 3.5.27.1-10+deb10u1
2022-01-29 19:13:40 status installed libdjvulibre-text:all 3.5.27.1-10+deb10u1
2022-01-29 19:13:40 configure xserver-common:all 2:1.20.4-1+rpt4+deb10u4 <none>
2022-01-29 19:13:40 status unpacked xserver-common:all 2:1.20.4-1+rpt4+deb10u4
2022-01-29 19:13:40 status half-configured xserver-common:all 2:1.20.4-1+rpt4+deb10u4
2022-01-29 19:13:40 status installed xserver-common:all 2:1.20.4-1+rpt4+deb10u4
2022-01-29 19:13:40 configure libasound2-dev:armhf 1.1.8-1+rpt2 <none>
2022-01-29 19:13:40 status unpacked libasound2-dev:armhf 1.1.8-1+rpt2
2022-01-29 19:13:40 status half-configured libasound2-dev:armhf 1.1.8-1+rpt2
2022-01-29 19:13:40 status installed libasound2-dev:armhf 1.1.8-1+rpt2
2022-01-29 19:13:40 configure libicu-dev:armhf 63.1-6+deb10u2 <none>
2022-01-29 19:13:40 status unpacked libicu-dev:armhf 63.1-6+deb10u2
2022-01-29 19:13:40 status half-configured libicu-dev:armhf 63.1-6+deb10u2
2022-01-29 19:13:40 status installed libicu-dev:armhf 63.1-6+deb10u2
2022-01-29 19:13:40 configure libpolkit-gobject-1-0:armhf 0.105-25+rpt1+deb10u1 <none>
2022-01-29 19:13:40 status unpacked libpolkit-gobject-1-0:armhf 0.105-25+rpt1+deb10u1
2022-01-29 19:13:40 status half-configured libpolkit-gobject-1-0:armhf 0.105-25+rpt1+deb10u1
2022-01-29 19:13:40 status installed libpolkit-gobject-1-0:armhf 0.105-25+rpt1+deb10u1
2022-01-29 19:13:40 configure libtiffxx5:armhf 4.1.0+git191117-2~deb10u3 <none>
2022-01-29 19:13:40 status unpacked libtiffxx5:armhf 4.1.0+git191117-2~deb10u3
2022-01-29 19:13:40 status half-configured libtiffxx5:armhf 4.1.0+git191117-2~deb10u3
2022-01-29 19:13:40 status installed libtiffxx5:armhf 4.1.0+git191117-2~deb10u3
2022-01-29 19:13:40 configure libgs9:armhf 9.27~dfsg-2+deb10u5 <none>
2022-01-29 19:13:40 status unpacked libgs9:armhf 9.27~dfsg-2+deb10u5
2022-01-29 19:13:40 status half-configured libgs9:armhf 9.27~dfsg-2+deb10u5
2022-01-29 19:13:40 status installed libgs9:armhf 9.27~dfsg-2+deb10u5
2022-01-29 19:13:40 configure libdjvulibre21:armhf 3.5.27.1-10+deb10u1 <none>
2022-01-29 19:13:40 status unpacked libdjvulibre21:armhf 3.5.27.1-10+deb10u1
2022-01-29 19:13:40 status half-configured libdjvulibre21:armhf 3.5.27.1-10+deb10u1
2022-01-29 19:13:40 status installed libdjvulibre21:armhf 3.5.27.1-10+deb10u1
2022-01-29 19:13:40 configure xserver-xorg-core:armhf 2:1.20.4-1+rpt4+deb10u4 <none>
2022-01-29 19:13:40 status unpacked xserver-xorg-core:armhf 2:1.20.4-1+rpt4+deb10u4
2022-01-29 19:13:40 status half-configured xserver-xorg-core:armhf 2:1.20.4-1+rpt4+deb10u4
2022-01-29 19:13:40 status installed xserver-xorg-core:armhf 2:1.20.4-1+rpt4+deb10u4
2022-01-29 19:13:40 configure libpolkit-backend-1-0:armhf 0.105-25+rpt1+deb10u1 <none>
2022-01-29 19:13:40 status unpacked libpolkit-backend-1-0:armhf 0.105-25+rpt1+deb10u1
2022-01-29 19:13:40 status half-configured libpolkit-backend-1-0:armhf 0.105-25+rpt1+deb10u1
2022-01-29 19:13:40 status installed libpolkit-backend-1-0:armhf 0.105-25+rpt1+deb10u1
2022-01-29 19:13:41 configure libjavascriptcoregtk-4.0-18:armhf 2.34.3-1~deb10u1+rpi1 <none>
2022-01-29 19:13:41 status unpacked libjavascriptcoregtk-4.0-18:armhf 2.34.3-1~deb10u1+rpi1
2022-01-29 19:13:41 status half-configured libjavascriptcoregtk-4.0-18:armhf 2.34.3-1~deb10u1+rpi1
2022-01-29 19:13:41 status installed libjavascriptcoregtk-4.0-18:armhf 2.34.3-1~deb10u1+rpi1
2022-01-29 19:13:41 configure python-pil:armhf 5.4.1-2+deb10u3 <none>
2022-01-29 19:13:41 status unpacked python-pil:armhf 5.4.1-2+deb10u3
2022-01-29 19:13:41 status half-configured python-pil:armhf 5.4.1-2+deb10u3
2022-01-29 19:13:41 status installed python-pil:armhf 5.4.1-2+deb10u3
2022-01-29 19:13:42 configure libraspberrypi-doc:armhf 1:1.20211201~buster-1 <none>
2022-01-29 19:13:42 status unpacked libraspberrypi-doc:armhf 1:1.20211201~buster-1
2022-01-29 19:13:42 status half-configured libraspberrypi-doc:armhf 1:1.20211201~buster-1
2022-01-29 19:13:42 status installed libraspberrypi-doc:armhf 1:1.20211201~buster-1
2022-01-29 19:13:42 configure ghostscript:armhf 9.27~dfsg-2+deb10u5 <none>
2022-01-29 19:13:42 status unpacked ghostscript:armhf 9.27~dfsg-2+deb10u5
2022-01-29 19:13:42 status half-configured ghostscript:armhf 9.27~dfsg-2+deb10u5
2022-01-29 19:13:42 status installed ghostscript:armhf 9.27~dfsg-2+deb10u5
2022-01-29 19:13:42 configure openjdk-8-jre:armhf 8u312-b07-1~deb9u1 <none>
2022-01-29 19:13:42 status unpacked openjdk-8-jre:armhf 8u312-b07-1~deb9u1
2022-01-29 19:13:42 status half-configured openjdk-8-jre:armhf 8u312-b07-1~deb9u1
2022-01-29 19:13:42 status installed openjdk-8-jre:armhf 8u312-b07-1~deb9u1
2022-01-29 19:13:42 configure libraspberrypi-bin:armhf 1:1.20211201~buster-1 <none>
2022-01-29 19:13:42 status unpacked libraspberrypi-bin:armhf 1:1.20211201~buster-1
2022-01-29 19:13:42 status half-configured libraspberrypi-bin:armhf 1:1.20211201~buster-1
2022-01-29 19:13:42 status installed libraspberrypi-bin:armhf 1:1.20211201~buster-1
2022-01-29 19:13:42 configure python3-pil:armhf 5.4.1-2+deb10u3 <none>
2022-01-29 19:13:42 status unpacked python3-pil:armhf 5.4.1-2+deb10u3
2022-01-29 19:13:42 status half-configured python3-pil:armhf 5.4.1-2+deb10u3
2022-01-29 19:13:43 status installed python3-pil:armhf 5.4.1-2+deb10u3
2022-01-29 19:13:43 configure libtiff-dev:armhf 4.1.0+git191117-2~deb10u3 <none>
2022-01-29 19:13:43 status unpacked libtiff-dev:armhf 4.1.0+git191117-2~deb10u3
2022-01-29 19:13:43 status half-configured libtiff-dev:armhf 4.1.0+git191117-2~deb10u3
2022-01-29 19:13:43 status installed libtiff-dev:armhf 4.1.0+git191117-2~deb10u3
2022-01-29 19:13:43 configure openjdk-8-jdk-headless:armhf 8u312-b07-1~deb9u1 <none>
2022-01-29 19:13:43 status unpacked openjdk-8-jdk-headless:armhf 8u312-b07-1~deb9u1
2022-01-29 19:13:43 status half-configured openjdk-8-jdk-headless:armhf 8u312-b07-1~deb9u1
2022-01-29 19:13:44 status installed openjdk-8-jdk-headless:armhf 8u312-b07-1~deb9u1
2022-01-29 19:13:44 configure libraspberrypi-dev:armhf 1:1.20211201~buster-1 <none>
2022-01-29 19:13:44 status unpacked libraspberrypi-dev:armhf 1:1.20211201~buster-1
2022-01-29 19:13:44 status half-configured libraspberrypi-dev:armhf 1:1.20211201~buster-1
2022-01-29 19:13:44 status installed libraspberrypi-dev:armhf 1:1.20211201~buster-1
2022-01-29 19:13:44 configure libwebkit2gtk-4.0-37:armhf 2.34.3-1~deb10u1+rpi1 <none>
2022-01-29 19:13:44 status unpacked libwebkit2gtk-4.0-37:armhf 2.34.3-1~deb10u1+rpi1
2022-01-29 19:13:44 status half-configured libwebkit2gtk-4.0-37:armhf 2.34.3-1~deb10u1+rpi1
2022-01-29 19:13:44 status installed libwebkit2gtk-4.0-37:armhf 2.34.3-1~deb10u1+rpi1
2022-01-29 19:13:45 configure libpolkit-agent-1-0:armhf 0.105-25+rpt1+deb10u1 <none>
2022-01-29 19:13:45 status unpacked libpolkit-agent-1-0:armhf 0.105-25+rpt1+deb10u1
2022-01-29 19:13:45 status half-configured libpolkit-agent-1-0:armhf 0.105-25+rpt1+deb10u1
2022-01-29 19:13:45 status installed libpolkit-agent-1-0:armhf 0.105-25+rpt1+deb10u1
2022-01-29 19:13:45 configure rpi-eeprom:armhf 13.5-1~buster <none>
2022-01-29 19:13:45 status unpacked rpi-eeprom:armhf 13.5-1~buster
2022-01-29 19:13:45 status half-configured rpi-eeprom:armhf 13.5-1~buster
2022-01-29 19:13:46 status installed rpi-eeprom:armhf 13.5-1~buster
2022-01-29 19:13:46 configure rpi-eeprom-images:armhf 13.5-1~buster <none>
2022-01-29 19:13:46 status unpacked rpi-eeprom-images:armhf 13.5-1~buster
2022-01-29 19:13:46 status half-configured rpi-eeprom-images:armhf 13.5-1~buster
2022-01-29 19:13:46 status installed rpi-eeprom-images:armhf 13.5-1~buster
2022-01-29 19:13:46 configure openjdk-8-jdk:armhf 8u312-b07-1~deb9u1 <none>
2022-01-29 19:13:46 status unpacked openjdk-8-jdk:armhf 8u312-b07-1~deb9u1
2022-01-29 19:13:46 status half-configured openjdk-8-jdk:armhf 8u312-b07-1~deb9u1
2022-01-29 19:13:46 status installed openjdk-8-jdk:armhf 8u312-b07-1~deb9u1
2022-01-29 19:13:46 configure policykit-1:armhf 0.105-25+rpt1+deb10u1 <none>
2022-01-29 19:13:46 status unpacked policykit-1:armhf 0.105-25+rpt1+deb10u1
2022-01-29 19:13:46 status half-configured policykit-1:armhf 0.105-25+rpt1+deb10u1
2022-01-29 19:13:46 status installed policykit-1:armhf 0.105-25+rpt1+deb10u1
2022-01-29 19:13:46 configure libtiff5-dev:armhf 4.1.0+git191117-2~deb10u3 <none>
2022-01-29 19:13:46 status unpacked libtiff5-dev:armhf 4.1.0+git191117-2~deb10u3
2022-01-29 19:13:46 status half-configured libtiff5-dev:armhf 4.1.0+git191117-2~deb10u3
2022-01-29 19:13:46 status installed libtiff5-dev:armhf 4.1.0+git191117-2~deb10u3
2022-01-29 19:13:46 configure gir1.2-polkit-1.0:armhf 0.105-25+rpt1+deb10u1 <none>
2022-01-29 19:13:46 status unpacked gir1.2-polkit-1.0:armhf 0.105-25+rpt1+deb10u1
2022-01-29 19:13:46 status half-configured gir1.2-polkit-1.0:armhf 0.105-25+rpt1+deb10u1
2022-01-29 19:13:46 status installed gir1.2-polkit-1.0:armhf 0.105-25+rpt1+deb10u1
2022-01-29 19:13:46 trigproc mime-support:all 3.62 <none>
2022-01-29 19:13:46 status half-configured mime-support:all 3.62
2022-01-29 19:13:47 status installed mime-support:all 3.62
2022-01-29 19:13:47 trigproc hicolor-icon-theme:all 0.17-2 <none>
2022-01-29 19:13:47 status half-configured hicolor-icon-theme:all 0.17-2
2022-01-29 19:13:47 status installed hicolor-icon-theme:all 0.17-2
2022-01-29 19:13:47 trigproc gnome-menus:armhf 3.31.4-3 <none>
2022-01-29 19:13:47 status half-configured gnome-menus:armhf 3.31.4-3
2022-01-29 19:13:47 status installed gnome-menus:armhf 3.31.4-3
2022-01-29 19:13:47 trigproc libc-bin:armhf 2.28-10+rpt2+rpi1 <none>
2022-01-29 19:13:47 status half-configured libc-bin:armhf 2.28-10+rpt2+rpi1
2022-01-29 19:13:48 status installed libc-bin:armhf 2.28-10+rpt2+rpi1
2022-01-29 19:13:48 trigproc man-db:armhf 2.8.5-2 <none>
2022-01-29 19:13:48 status half-configured man-db:armhf 2.8.5-2
2022-01-29 19:13:53 status installed man-db:armhf 2.8.5-2
2022-01-29 19:13:53 trigproc dbus:armhf 1.12.20-0+deb10u1 <none>
2022-01-29 19:13:53 status half-configured dbus:armhf 1.12.20-0+deb10u1
2022-01-29 19:13:53 status installed dbus:armhf 1.12.20-0+deb10u1
2022-01-29 19:13:53 trigproc desktop-file-utils:armhf 0.23-4 <none>
2022-01-29 19:13:53 status half-configured desktop-file-utils:armhf 0.23-4
2022-01-29 19:13:53 status installed desktop-file-utils:armhf 0.23-4
2022-01-29 19:13:54 trigproc initramfs-tools:all 0.133+deb10u1 <none>
2022-01-29 19:13:54 status half-configured initramfs-tools:all 0.133+deb10u1
2022-01-29 19:13:55 status installed initramfs-tools:all 0.133+deb10u1
2022-03-17 21:01:08 startup archives unpack
2022-03-17 21:01:10 upgrade libsasl2-modules-db:armhf 2.1.27+dfsg-1+deb10u1 2.1.27+dfsg-1+deb10u2
2022-03-17 21:01:10 status half-configured libsasl2-modules-db:armhf 2.1.27+dfsg-1+deb10u1
2022-03-17 21:01:10 status unpacked libsasl2-modules-db:armhf 2.1.27+dfsg-1+deb10u1
2022-03-17 21:01:10 status half-installed libsasl2-modules-db:armhf 2.1.27+dfsg-1+deb10u1
2022-03-17 21:01:10 status unpacked libsasl2-modules-db:armhf 2.1.27+dfsg-1+deb10u2
2022-03-17 21:01:11 startup packages configure
2022-03-17 21:01:11 configure libsasl2-modules-db:armhf 2.1.27+dfsg-1+deb10u2 <none>
2022-03-17 21:01:11 status unpacked libsasl2-modules-db:armhf 2.1.27+dfsg-1+deb10u2
2022-03-17 21:01:11 status half-configured libsasl2-modules-db:armhf 2.1.27+dfsg-1+deb10u2
2022-03-17 21:01:11 status installed libsasl2-modules-db:armhf 2.1.27+dfsg-1+deb10u2
2022-03-17 21:01:12 startup archives unpack
2022-03-17 21:01:13 upgrade libsasl2-2:armhf 2.1.27+dfsg-1+deb10u1 2.1.27+dfsg-1+deb10u2
2022-03-17 21:01:13 status triggers-pending libc-bin:armhf 2.28-10+rpt2+rpi1
2022-03-17 21:01:13 status half-configured libsasl2-2:armhf 2.1.27+dfsg-1+deb10u1
2022-03-17 21:01:13 status unpacked libsasl2-2:armhf 2.1.27+dfsg-1+deb10u1
2022-03-17 21:01:13 status half-installed libsasl2-2:armhf 2.1.27+dfsg-1+deb10u1
2022-03-17 21:01:14 status unpacked libsasl2-2:armhf 2.1.27+dfsg-1+deb10u2
2022-03-17 21:01:17 startup packages configure
2022-03-17 21:01:17 configure libsasl2-2:armhf 2.1.27+dfsg-1+deb10u2 <none>
2022-03-17 21:01:17 status unpacked libsasl2-2:armhf 2.1.27+dfsg-1+deb10u2
2022-03-17 21:01:18 status half-configured libsasl2-2:armhf 2.1.27+dfsg-1+deb10u2
2022-03-17 21:01:18 status installed libsasl2-2:armhf 2.1.27+dfsg-1+deb10u2
2022-03-17 21:01:19 startup archives unpack
2022-03-17 21:01:19 upgrade libexpat1-dev:armhf 2.2.6-2+deb10u1 2.2.6-2+deb10u4
2022-03-17 21:01:19 status half-configured libexpat1-dev:armhf 2.2.6-2+deb10u1
2022-03-17 21:01:19 status unpacked libexpat1-dev:armhf 2.2.6-2+deb10u1
2022-03-17 21:01:19 status half-installed libexpat1-dev:armhf 2.2.6-2+deb10u1
2022-03-17 21:01:21 status unpacked libexpat1-dev:armhf 2.2.6-2+deb10u4
2022-03-17 21:01:21 upgrade libexpat1:armhf 2.2.6-2+deb10u1 2.2.6-2+deb10u4
2022-03-17 21:01:21 status half-configured libexpat1:armhf 2.2.6-2+deb10u1
2022-03-17 21:01:21 status unpacked libexpat1:armhf 2.2.6-2+deb10u1
2022-03-17 21:01:21 status half-installed libexpat1:armhf 2.2.6-2+deb10u1
2022-03-17 21:01:22 status unpacked libexpat1:armhf 2.2.6-2+deb10u4
2022-03-17 21:01:22 upgrade libwebkit2gtk-4.0-37:armhf 2.34.3-1~deb10u1+rpi1 2.34.6-1~deb10u1+rpi1
2022-03-17 21:01:22 status half-configured libwebkit2gtk-4.0-37:armhf 2.34.3-1~deb10u1+rpi1
2022-03-17 21:01:22 status unpacked libwebkit2gtk-4.0-37:armhf 2.34.3-1~deb10u1+rpi1
2022-03-17 21:01:22 status half-installed libwebkit2gtk-4.0-37:armhf 2.34.3-1~deb10u1+rpi1
2022-03-17 21:01:34 status unpacked libwebkit2gtk-4.0-37:armhf 2.34.6-1~deb10u1+rpi1
2022-03-17 21:01:35 upgrade libjavascriptcoregtk-4.0-18:armhf 2.34.3-1~deb10u1+rpi1 2.34.6-1~deb10u1+rpi1
2022-03-17 21:01:35 status half-configured libjavascriptcoregtk-4.0-18:armhf 2.34.3-1~deb10u1+rpi1
2022-03-17 21:01:35 status unpacked libjavascriptcoregtk-4.0-18:armhf 2.34.3-1~deb10u1+rpi1
2022-03-17 21:01:35 status half-installed libjavascriptcoregtk-4.0-18:armhf 2.34.3-1~deb10u1+rpi1
2022-03-17 21:01:40 status unpacked libjavascriptcoregtk-4.0-18:armhf 2.34.6-1~deb10u1+rpi1
2022-03-17 21:01:40 upgrade libraspberrypi-doc:armhf 1:1.20211201~buster-1 1:1.20220308~buster-1
2022-03-17 21:01:40 status half-configured libraspberrypi-doc:armhf 1:1.20211201~buster-1
2022-03-17 21:01:41 status unpacked libraspberrypi-doc:armhf 1:1.20211201~buster-1
2022-03-17 21:01:46 status half-installed libraspberrypi-doc:armhf 1:1.20211201~buster-1
2022-03-17 21:02:00 status unpacked libraspberrypi-doc:armhf 1:1.20220308~buster-1
2022-03-17 21:02:00 upgrade libraspberrypi-dev:armhf 1:1.20211201~buster-1 1:1.20220308~buster-1
2022-03-17 21:02:00 status half-configured libraspberrypi-dev:armhf 1:1.20211201~buster-1
2022-03-17 21:02:00 status unpacked libraspberrypi-dev:armhf 1:1.20211201~buster-1
2022-03-17 21:02:00 status half-installed libraspberrypi-dev:armhf 1:1.20211201~buster-1
2022-03-17 21:02:04 status unpacked libraspberrypi-dev:armhf 1:1.20220308~buster-1
2022-03-17 21:02:05 upgrade raspberrypi-kernel:armhf 1:1.20211201~buster-1 1:1.20220308~buster-1
2022-03-17 21:02:05 status half-configured raspberrypi-kernel:armhf 1:1.20211201~buster-1
2022-03-17 21:02:05 status unpacked raspberrypi-kernel:armhf 1:1.20211201~buster-1
2022-03-17 21:02:05 status half-installed raspberrypi-kernel:armhf 1:1.20211201~buster-1
2022-03-17 21:06:18 status unpacked raspberrypi-kernel:armhf 1:1.20220308~buster-1
2022-03-17 21:06:18 upgrade libraspberrypi-bin:armhf 1:1.20211201~buster-1 1:1.20220308~buster-1
2022-03-17 21:06:18 status half-configured libraspberrypi-bin:armhf 1:1.20211201~buster-1
2022-03-17 21:06:18 status unpacked libraspberrypi-bin:armhf 1:1.20211201~buster-1
2022-03-17 21:06:18 status half-installed libraspberrypi-bin:armhf 1:1.20211201~buster-1
2022-03-17 21:06:21 status unpacked libraspberrypi-bin:armhf 1:1.20220308~buster-1
2022-03-17 21:06:21 upgrade libraspberrypi0:armhf 1:1.20211201~buster-1 1:1.20220308~buster-1
2022-03-17 21:06:21 status half-configured libraspberrypi0:armhf 1:1.20211201~buster-1
2022-03-17 21:06:21 status unpacked libraspberrypi0:armhf 1:1.20211201~buster-1
2022-03-17 21:06:21 status half-installed libraspberrypi0:armhf 1:1.20211201~buster-1
2022-03-17 21:06:42 status unpacked libraspberrypi0:armhf 1:1.20220308~buster-1
2022-03-17 21:06:42 upgrade raspberrypi-bootloader:armhf 1:1.20211201~buster-1 1:1.20220308~buster-1
2022-03-17 21:06:42 status half-configured raspberrypi-bootloader:armhf 1:1.20211201~buster-1
2022-03-17 21:06:42 status unpacked raspberrypi-bootloader:armhf 1:1.20211201~buster-1
2022-03-17 21:06:42 status half-installed raspberrypi-bootloader:armhf 1:1.20211201~buster-1
2022-03-17 21:07:04 status unpacked raspberrypi-bootloader:armhf 1:1.20220308~buster-1
2022-03-17 21:07:04 upgrade libssl-dev:armhf 1.1.1d-0+deb10u7 1.1.1d-0+deb10u8+rpt1
2022-03-17 21:07:04 status half-configured libssl-dev:armhf 1.1.1d-0+deb10u7
2022-03-17 21:07:04 status unpacked libssl-dev:armhf 1.1.1d-0+deb10u7
2022-03-17 21:07:04 status half-installed libssl-dev:armhf 1.1.1d-0+deb10u7
2022-03-17 21:07:11 status unpacked libssl-dev:armhf 1.1.1d-0+deb10u8+rpt1
2022-03-17 21:07:18 upgrade libssl1.1:armhf 1.1.1d-0+deb10u7 1.1.1d-0+deb10u8+rpt1
2022-03-17 21:07:18 status half-configured libssl1.1:armhf 1.1.1d-0+deb10u7
2022-03-17 21:07:18 status unpacked libssl1.1:armhf 1.1.1d-0+deb10u7
2022-03-17 21:07:18 status half-installed libssl1.1:armhf 1.1.1d-0+deb10u7
2022-03-17 21:07:22 status unpacked libssl1.1:armhf 1.1.1d-0+deb10u8+rpt1
2022-03-17 21:07:23 upgrade linux-libc-dev:armhf 1:1.20211201~buster-1 1:1.20220308~buster-1
2022-03-17 21:07:23 status half-configured linux-libc-dev:armhf 1:1.20211201~buster-1
2022-03-17 21:07:23 status unpacked linux-libc-dev:armhf 1:1.20211201~buster-1
2022-03-17 21:07:23 status half-installed linux-libc-dev:armhf 1:1.20211201~buster-1
2022-03-17 21:07:31 status unpacked linux-libc-dev:armhf 1:1.20220308~buster-1
2022-03-17 21:07:32 upgrade openssl:armhf 1.1.1d-0+deb10u7 1.1.1d-0+deb10u8+rpt1
2022-03-17 21:07:32 status half-configured openssl:armhf 1.1.1d-0+deb10u7
2022-03-17 21:07:32 status unpacked openssl:armhf 1.1.1d-0+deb10u7
2022-03-17 21:07:32 status half-installed openssl:armhf 1.1.1d-0+deb10u7
2022-03-17 21:07:33 status triggers-pending man-db:armhf 2.8.5-2
2022-03-17 21:07:33 status unpacked openssl:armhf 1.1.1d-0+deb10u8+rpt1
2022-03-17 21:07:34 upgrade rpi-eeprom:armhf 13.5-1~buster 13.12-1~buster
2022-03-17 21:07:34 status half-configured rpi-eeprom:armhf 13.5-1~buster
2022-03-17 21:07:34 status unpacked rpi-eeprom:armhf 13.5-1~buster
2022-03-17 21:07:34 status half-installed rpi-eeprom:armhf 13.5-1~buster
2022-03-17 21:08:00 status unpacked rpi-eeprom:armhf 13.12-1~buster
2022-03-17 21:08:00 upgrade rpi-eeprom-images:armhf 13.5-1~buster 13.12-1~buster
2022-03-17 21:08:00 status half-configured rpi-eeprom-images:armhf 13.5-1~buster
2022-03-17 21:08:00 status unpacked rpi-eeprom-images:armhf 13.5-1~buster
2022-03-17 21:08:00 status half-installed rpi-eeprom-images:armhf 13.5-1~buster
2022-03-17 21:08:00 status unpacked rpi-eeprom-images:armhf 13.12-1~buster
2022-03-17 21:08:01 startup packages configure
2022-03-17 21:08:01 configure libexpat1:armhf 2.2.6-2+deb10u4 <none>
2022-03-17 21:08:01 status unpacked libexpat1:armhf 2.2.6-2+deb10u4
2022-03-17 21:08:01 status half-configured libexpat1:armhf 2.2.6-2+deb10u4
2022-03-17 21:08:02 status installed libexpat1:armhf 2.2.6-2+deb10u4
2022-03-17 21:08:02 configure libssl1.1:armhf 1.1.1d-0+deb10u8+rpt1 <none>
2022-03-17 21:08:02 status unpacked libssl1.1:armhf 1.1.1d-0+deb10u8+rpt1
2022-03-17 21:08:02 status half-configured libssl1.1:armhf 1.1.1d-0+deb10u8+rpt1
2022-03-17 21:08:02 status installed libssl1.1:armhf 1.1.1d-0+deb10u8+rpt1
2022-03-17 21:08:02 configure libjavascriptcoregtk-4.0-18:armhf 2.34.6-1~deb10u1+rpi1 <none>
2022-03-17 21:08:02 status unpacked libjavascriptcoregtk-4.0-18:armhf 2.34.6-1~deb10u1+rpi1
2022-03-17 21:08:02 status half-configured libjavascriptcoregtk-4.0-18:armhf 2.34.6-1~deb10u1+rpi1
2022-03-17 21:08:02 status installed libjavascriptcoregtk-4.0-18:armhf 2.34.6-1~deb10u1+rpi1
2022-03-17 21:08:02 configure linux-libc-dev:armhf 1:1.20220308~buster-1 <none>
2022-03-17 21:08:02 status unpacked linux-libc-dev:armhf 1:1.20220308~buster-1
2022-03-17 21:08:02 status half-configured linux-libc-dev:armhf 1:1.20220308~buster-1
2022-03-17 21:08:02 status installed linux-libc-dev:armhf 1:1.20220308~buster-1
2022-03-17 21:08:02 configure raspberrypi-kernel:armhf 1:1.20220308~buster-1 <none>
2022-03-17 21:08:02 status unpacked raspberrypi-kernel:armhf 1:1.20220308~buster-1
2022-03-17 21:08:04 status half-configured raspberrypi-kernel:armhf 1:1.20220308~buster-1
2022-03-17 21:11:51 status installed raspberrypi-kernel:armhf 1:1.20220308~buster-1
2022-03-17 21:11:51 configure libexpat1-dev:armhf 2.2.6-2+deb10u4 <none>
2022-03-17 21:11:51 status unpacked libexpat1-dev:armhf 2.2.6-2+deb10u4
2022-03-17 21:11:51 status half-configured libexpat1-dev:armhf 2.2.6-2+deb10u4
2022-03-17 21:11:51 status installed libexpat1-dev:armhf 2.2.6-2+deb10u4
2022-03-17 21:11:51 configure libssl-dev:armhf 1.1.1d-0+deb10u8+rpt1 <none>
2022-03-17 21:11:51 status unpacked libssl-dev:armhf 1.1.1d-0+deb10u8+rpt1
2022-03-17 21:11:51 status half-configured libssl-dev:armhf 1.1.1d-0+deb10u8+rpt1
2022-03-17 21:11:51 status installed libssl-dev:armhf 1.1.1d-0+deb10u8+rpt1
2022-03-17 21:11:51 configure raspberrypi-bootloader:armhf 1:1.20220308~buster-1 <none>
2022-03-17 21:11:51 status unpacked raspberrypi-bootloader:armhf 1:1.20220308~buster-1
2022-03-17 21:11:51 status half-configured raspberrypi-bootloader:armhf 1:1.20220308~buster-1
2022-03-17 21:12:08 status installed raspberrypi-bootloader:armhf 1:1.20220308~buster-1
2022-03-17 21:12:08 configure libraspberrypi0:armhf 1:1.20220308~buster-1 <none>
2022-03-17 21:12:08 status unpacked libraspberrypi0:armhf 1:1.20220308~buster-1
2022-03-17 21:12:08 status half-configured libraspberrypi0:armhf 1:1.20220308~buster-1
2022-03-17 21:12:08 status installed libraspberrypi0:armhf 1:1.20220308~buster-1
2022-03-17 21:12:09 configure libwebkit2gtk-4.0-37:armhf 2.34.6-1~deb10u1+rpi1 <none>
2022-03-17 21:12:09 status unpacked libwebkit2gtk-4.0-37:armhf 2.34.6-1~deb10u1+rpi1
2022-03-17 21:12:09 status half-configured libwebkit2gtk-4.0-37:armhf 2.34.6-1~deb10u1+rpi1
2022-03-17 21:12:09 status installed libwebkit2gtk-4.0-37:armhf 2.34.6-1~deb10u1+rpi1
2022-03-17 21:12:09 configure openssl:armhf 1.1.1d-0+deb10u8+rpt1 <none>
2022-03-17 21:12:09 status unpacked openssl:armhf 1.1.1d-0+deb10u8+rpt1
2022-03-17 21:12:09 status half-configured openssl:armhf 1.1.1d-0+deb10u8+rpt1
2022-03-17 21:12:09 status installed openssl:armhf 1.1.1d-0+deb10u8+rpt1
2022-03-17 21:12:09 configure libraspberrypi-doc:armhf 1:1.20220308~buster-1 <none>
2022-03-17 21:12:09 status unpacked libraspberrypi-doc:armhf 1:1.20220308~buster-1
2022-03-17 21:12:09 status half-configured libraspberrypi-doc:armhf 1:1.20220308~buster-1
2022-03-17 21:12:09 status installed libraspberrypi-doc:armhf 1:1.20220308~buster-1
2022-03-17 21:12:09 configure libraspberrypi-bin:armhf 1:1.20220308~buster-1 <none>
2022-03-17 21:12:09 status unpacked libraspberrypi-bin:armhf 1:1.20220308~buster-1
2022-03-17 21:12:09 status half-configured libraspberrypi-bin:armhf 1:1.20220308~buster-1
2022-03-17 21:12:09 status installed libraspberrypi-bin:armhf 1:1.20220308~buster-1
2022-03-17 21:12:09 configure libraspberrypi-dev:armhf 1:1.20220308~buster-1 <none>
2022-03-17 21:12:09 status unpacked libraspberrypi-dev:armhf 1:1.20220308~buster-1
2022-03-17 21:12:10 status half-configured libraspberrypi-dev:armhf 1:1.20220308~buster-1
2022-03-17 21:12:11 status installed libraspberrypi-dev:armhf 1:1.20220308~buster-1
2022-03-17 21:12:11 configure rpi-eeprom:armhf 13.12-1~buster <none>
2022-03-17 21:12:11 status unpacked rpi-eeprom:armhf 13.12-1~buster
2022-03-17 21:12:11 status half-configured rpi-eeprom:armhf 13.12-1~buster
2022-03-17 21:12:12 status installed rpi-eeprom:armhf 13.12-1~buster
2022-03-17 21:12:12 configure rpi-eeprom-images:armhf 13.12-1~buster <none>
2022-03-17 21:12:12 status unpacked rpi-eeprom-images:armhf 13.12-1~buster
2022-03-17 21:12:12 status half-configured rpi-eeprom-images:armhf 13.12-1~buster
2022-03-17 21:12:12 status installed rpi-eeprom-images:armhf 13.12-1~buster
2022-03-17 21:12:12 trigproc man-db:armhf 2.8.5-2 <none>
2022-03-17 21:12:12 status half-configured man-db:armhf 2.8.5-2
2022-03-17 21:12:14 status installed man-db:armhf 2.8.5-2
2022-03-17 21:12:14 trigproc libc-bin:armhf 2.28-10+rpt2+rpi1 <none>
2022-03-17 21:12:14 status half-configured libc-bin:armhf 2.28-10+rpt2+rpi1
2022-03-17 21:12:15 status installed libc-bin:armhf 2.28-10+rpt2+rpi1
